{
  "RSpec": {
    "coverage": {
      "/Users/alan/Consolidation/boris-bikes-2/spec/bike_spec.rb": [
        1,
        null,
        1,
        4,
        null,
        1,
        1,
        null,
        null,
        1,
        1,
        1,
        null,
        null,
        1,
        1,
        1,
        1,
        null,
        null
      ],
      "/Users/alan/Consolidation/boris-bikes-2/lib/bike.rb": [
        1,
        1,
        3,
        null,
        null,
        1,
        3,
        null,
        null,
        1,
        2,
        null,
        null,
        1,
        1,
        null,
        null
      ],
      "/Users/alan/Consolidation/boris-bikes-2/spec/docking_station_spec.rb": [
        1,
        null,
        1,
        10,
        9,
        2,
        null,
        1,
        1,
        1,
        1,
        1,
        null,
        null,
        1,
        1,
        1,
        null,
        null,
        1,
        1,
        2,
        null,
        null,
        1,
        1,
        21,
        2,
        null,
        null,
        1,
        1,
        null,
        null,
        1,
        1,
        1,
        31,
        2,
        null,
        null,
        1,
        1,
        1,
        1,
        2,
        null,
        null,
        1,
        1,
        1,
        1,
        null,
        null,
        1,
        1,
        1,
        1,
        1,
        null,
        null,
        1,
        1,
        1,
        1,
        null,
        null
      ],
      "/Users/alan/Consolidation/boris-bikes-2/lib/docking_station.rb": [
        1,
        1,
        1,
        1,
        null,
        1,
        10,
        10,
        null,
        null,
        1,
        3,
        2,
        1,
        null,
        null,
        1,
        57,
        55,
        null,
        null,
        1,
        2,
        4,
        4,
        2,
        null,
        null,
        1,
        2,
        null,
        null,
        1,
        null,
        1,
        57,
        null,
        null,
        1,
        3,
        null,
        null
      ],
      "/Users/alan/Consolidation/boris-bikes-2/spec/garage_spec.rb": [
        1,
        1,
        5,
        5,
        5,
        null,
        1,
        1,
        1,
        1,
        null,
        null,
        1,
        1,
        1,
        1,
        1,
        1,
        null,
        null,
        1,
        1,
        1,
        1,
        1,
        1,
        null,
        null,
        1,
        1,
        1,
        1,
        1,
        1,
        null,
        null,
        null,
        null
      ],
      "/Users/alan/Consolidation/boris-bikes-2/lib/garage.rb": [
        1,
        1,
        null,
        1,
        4,
        4,
        null,
        null,
        1,
        8,
        null,
        null,
        1,
        3,
        6,
        6,
        null,
        null,
        1,
        1,
        null,
        null
      ],
      "/Users/alan/Consolidation/boris-bikes-2/spec/van_spec.rb": [
        1,
        null,
        1,
        8,
        4,
        7,
        4,
        null,
        1,
        1,
        null,
        null,
        1,
        1,
        1,
        1,
        null,
        null,
        1,
        1,
        1,
        1,
        null,
        null,
        1,
        1,
        1,
        1,
        1,
        null,
        null,
        1,
        1,
        1,
        1,
        null,
        null,
        1,
        1,
        1,
        1,
        null,
        null,
        1,
        1,
        1,
        1,
        1,
        null,
        null
      ],
      "/Users/alan/Consolidation/boris-bikes-2/lib/van.rb": [
        1,
        1,
        1,
        7,
        7,
        null,
        null,
        1,
        3,
        3,
        null,
        null,
        null,
        1,
        2,
        4,
        4,
        2,
        null,
        null,
        1,
        6,
        null,
        null,
        1,
        2,
        4,
        4,
        2,
        null,
        null
      ]
    },
    "timestamp": 1452532040
  }
}
