{
  "RSpec": {
    "coverage": {
      "/Users/garethmckenna/Projects/Boris_bikes_2/spec/bike_spec.rb": [
        1,
        null,
        1,
        3,
        null,
        1,
        1,
        1,
        null,
        null,
        1,
        1,
        1,
        1,
        null,
        null,
        null
      ],
      "/Users/garethmckenna/Projects/Boris_bikes_2/lib/bike.rb": [
        1,
        1,
        2,
        null,
        null,
        1,
        2,
        null,
        null,
        1,
        1,
        null,
        null
      ],
      "/Users/garethmckenna/Projects/Boris_bikes_2/spec/docking_station_spec.rb": [
        1,
        null,
        1,
        9,
        8,
        null,
        1,
        1,
        1,
        1,
        1,
        null,
        null,
        1,
        1,
        1,
        null,
        null,
        1,
        1,
        2,
        null,
        null,
        1,
        1,
        21,
        2,
        null,
        null,
        1,
        1,
        null,
        null,
        1,
        1,
        1,
        31,
        2,
        null,
        null,
        1,
        1,
        1,
        1,
        2,
        null,
        null,
        1,
        1,
        1,
        1,
        null,
        null,
        1,
        1,
        1,
        1,
        1,
        null,
        null
      ],
      "/Users/garethmckenna/Projects/Boris_bikes_2/lib/docking_station.rb": [
        1,
        1,
        1,
        1,
        null,
        1,
        9,
        9,
        null,
        null,
        1,
        3,
        2,
        1,
        null,
        null,
        1,
        57,
        55,
        null,
        null,
        1,
        2,
        4,
        4,
        2,
        null,
        null,
        1,
        null,
        1,
        57,
        null,
        null,
        1,
        3,
        null,
        null
      ],
      "/Users/garethmckenna/Projects/Boris_bikes_2/spec/garage_spec.rb": [
        1,
        1,
        5,
        5,
        5,
        null,
        1,
        1,
        1,
        1,
        null,
        null,
        1,
        1,
        1,
        1,
        1,
        1,
        null,
        null,
        1,
        1,
        1,
        1,
        1,
        1,
        null,
        null,
        1,
        1,
        1,
        1,
        1,
        1,
        null,
        null,
        null,
        null
      ],
      "/Users/garethmckenna/Projects/Boris_bikes_2/lib/garage.rb": [
        1,
        1,
        null,
        1,
        4,
        4,
        null,
        null,
        1,
        8,
        null,
        null,
        1,
        6,
        6,
        6,
        null,
        null,
        1,
        1,
        null,
        null,
        null
      ],
      "/Users/garethmckenna/Projects/Boris_bikes_2/spec/van_spec.rb": [
        1,
        null,
        1,
        6,
        4,
        5,
        2,
        null,
        1,
        1,
        null,
        null,
        1,
        1,
        1,
        1,
        null,
        null,
        1,
        1,
        1,
        1,
        null,
        null,
        1,
        1,
        1,
        1,
        1,
        null,
        null,
        1,
        1,
        1,
        1,
        null,
        null
      ],
      "/Users/garethmckenna/Projects/Boris_bikes_2/lib/van.rb": [
        1,
        1,
        1,
        5,
        5,
        null,
        null,
        1,
        3,
        3,
        null,
        null,
        null,
        1,
        2,
        4,
        4,
        2,
        null,
        null,
        1,
        2,
        null,
        null
      ]
    },
    "timestamp": 1452529706
  }
}
